  [1m[35mSQL (0.6ms)[0m  [1m[35mSET search_path TO public /*application='Backend'*/[0m
  [1m[35m (281.5ms)[0m  [1m[35mCREATE DATABASE "app_development" ENCODING = 'unicode' /*application='Backend'*/[0m
  [1m[35mSQL (0.3ms)[0m  [1m[35mSET search_path TO public /*application='Backend'*/[0m
  [1m[35m (79.7ms)[0m  [1m[35mCREATE DATABASE "app_test" ENCODING = 'unicode' /*application='Backend'*/[0m
  [1m[35m (8.6ms)[0m  [1m[35mCREATE TABLE "schema_migrations" ("version" character varying NOT NULL PRIMARY KEY) /*application='Backend'*/[0m
  [1m[35m (1.5ms)[0m  [1m[35mCREATE TABLE "ar_internal_metadata" ("key" character varying NOT NULL PRIMARY KEY, "value" character varying, "created_at" timestamp(6) NOT NULL, "updated_at" timestamp(6) NOT NULL) /*application='Backend'*/[0m
  [1m[35m (0.2ms)[0m  [1m[34mSELECT pg_try_advisory_lock(5277929974492897470) /*application='Backend'*/[0m
  [1m[36mActiveRecord::SchemaMigration Load (0.6ms)[0m  [1m[34mSELECT "schema_migrations"."version" FROM "schema_migrations" ORDER BY "schema_migrations"."version" ASC /*application='Backend'*/[0m
  [1m[36mActiveRecord::InternalMetadata Load (1.0ms)[0m  [1m[34mSELECT * FROM "ar_internal_metadata" WHERE "ar_internal_metadata"."key" = 'environment' ORDER BY "ar_internal_metadata"."key" ASC LIMIT 1 /*application='Backend'*/[0m
  [1m[36mActiveRecord::InternalMetadata Create (1.2ms)[0m  [1m[32mINSERT INTO "ar_internal_metadata" ("key", "value", "created_at", "updated_at") VALUES ('environment', 'development', '2025-10-23 21:16:55.162215', '2025-10-23 21:16:55.162217') RETURNING "key" /*application='Backend'*/[0m
  [1m[35m (0.4ms)[0m  [1m[34mSELECT pg_advisory_unlock(5277929974492897470) /*application='Backend'*/[0m
  [1m[36mActiveRecord::SchemaMigration Load (0.3ms)[0m  [1m[34mSELECT "schema_migrations"."version" FROM "schema_migrations" ORDER BY "schema_migrations"."version" ASC /*application='Backend'*/[0m
Started GET "/" for 127.0.0.1 at 2025-10-23 22:17:37 +0100
  [1m[36mActiveRecord::SchemaMigration Load (0.7ms)[0m  [1m[34mSELECT "schema_migrations"."version" FROM "schema_migrations" ORDER BY "schema_migrations"."version" ASC /*application='Backend'*/[0m
Processing by Rails::WelcomeController#index as HTML
  Rendering /Users/akito/.rbenv/versions/3.2.2/lib/ruby/gems/3.2.0/gems/railties-8.0.3/lib/rails/templates/rails/welcome/index.html.erb
  Rendered /Users/akito/.rbenv/versions/3.2.2/lib/ruby/gems/3.2.0/gems/railties-8.0.3/lib/rails/templates/rails/welcome/index.html.erb (Duration: 0.3ms | GC: 0.0ms)
Completed 200 OK in 751ms (Views: 3.6ms | ActiveRecord: 0.0ms (0 queries, 0 cached) | GC: 105.9ms)


Started GET "/icon.png" for 127.0.0.1 at 2025-10-23 22:17:38 +0100
  
ActionController::RoutingError (No route matches [GET] "/icon.png"):
  
Started GET "/health" for ::1 at 2025-10-23 22:26:14 +0100
  [1m[36mActiveRecord::SchemaMigration Load (1.5ms)[0m  [1m[34mSELECT "schema_migrations"."version" FROM "schema_migrations" ORDER BY "schema_migrations"."version" ASC /*application='Backend'*/[0m
Started GET "/favicon.ico" for ::1 at 2025-10-23 22:26:14 +0100
  
ActionController::RoutingError (No route matches [GET] "/favicon.ico"):
  
  [1m[35m (1.0ms)[0m  [1m[34mSELECT pg_try_advisory_lock(5277929974492897470) /*application='Backend'*/[0m
  [1m[36mActiveRecord::SchemaMigration Load (3.1ms)[0m  [1m[34mSELECT "schema_migrations"."version" FROM "schema_migrations" ORDER BY "schema_migrations"."version" ASC /*application='Backend'*/[0m
  [1m[36mActiveRecord::InternalMetadata Load (1.7ms)[0m  [1m[34mSELECT * FROM "ar_internal_metadata" WHERE "ar_internal_metadata"."key" = 'environment' ORDER BY "ar_internal_metadata"."key" ASC LIMIT 1 /*application='Backend'*/[0m
Migrating to DeviseCreateUsers (20251023214635)
  [1m[36mTRANSACTION (0.5ms)[0m  [1m[35mBEGIN /*application='Backend'*/[0m
  [1m[35m (13.1ms)[0m  [1m[35mCREATE TABLE "users" ("id" bigserial primary key, "email" character varying DEFAULT '' NOT NULL, "encrypted_password" character varying DEFAULT '' NOT NULL, "reset_password_token" character varying, "reset_password_sent_at" timestamp(6), "remember_created_at" timestamp(6), "created_at" timestamp(6) NOT NULL, "updated_at" timestamp(6) NOT NULL) /*application='Backend'*/[0m
  [1m[35m (0.8ms)[0m  [1m[35mCREATE UNIQUE INDEX "index_users_on_email" ON "users" ("email") /*application='Backend'*/[0m
  [1m[35m (0.4ms)[0m  [1m[35mCREATE UNIQUE INDEX "index_users_on_reset_password_token" ON "users" ("reset_password_token") /*application='Backend'*/[0m
  [1m[36mActiveRecord::SchemaMigration Create (0.4ms)[0m  [1m[32mINSERT INTO "schema_migrations" ("version") VALUES ('20251023214635') RETURNING "version" /*application='Backend'*/[0m
  [1m[36mTRANSACTION (0.9ms)[0m  [1m[35mCOMMIT /*application='Backend'*/[0m
  [1m[35m (0.3ms)[0m  [1m[34mSELECT pg_advisory_unlock(5277929974492897470) /*application='Backend'*/[0m
  [1m[36mActiveRecord::SchemaMigration Load (0.2ms)[0m  [1m[34mSELECT "schema_migrations"."version" FROM "schema_migrations" ORDER BY "schema_migrations"."version" ASC /*application='Backend'*/[0m
Started GET "/health" for ::1 at 2025-10-23 23:14:43 +0100
  [1m[36mActiveRecord::SchemaMigration Load (1.7ms)[0m  [1m[34mSELECT "schema_migrations"."version" FROM "schema_migrations" ORDER BY "schema_migrations"."version" ASC /*application='Backend'*/[0m
Started GET "/health" for ::1 at 2025-10-24 11:26:51 +0100
Started GET "/health" for ::1 at 2025-10-24 11:32:57 +0100
Started GET "/health" for ::1 at 2025-10-24 11:32:57 +0100
Started GET "/health" for ::1 at 2025-10-24 11:33:26 +0100
Started GET "/health" for ::1 at 2025-10-24 11:33:26 +0100
Started GET "/health" for ::1 at 2025-10-24 11:33:26 +0100
Started GET "/health" for ::1 at 2025-10-24 11:33:26 +0100
Started GET "/health" for ::1 at 2025-10-24 11:46:32 +0100
Started GET "/health" for ::1 at 2025-10-24 11:46:33 +0100
Started GET "/health" for ::1 at 2025-10-24 11:46:33 +0100
Started GET "/health" for 192.168.65.1 at 2025-10-24 11:11:38 +0000
  [1m[36mActiveRecord::SchemaMigration Load (8.9ms)[0m  [1m[34mSELECT "schema_migrations"."version" FROM "schema_migrations" ORDER BY "schema_migrations"."version" ASC /*application='Backend'*/[0m
Started GET "/health" for 192.168.65.1 at 2025-10-24 11:11:41 +0000
Started GET "/health" for 192.168.65.1 at 2025-10-24 11:11:57 +0000
Started GET "/health" for 192.168.65.1 at 2025-10-24 11:11:57 +0000
Started GET "/health" for 192.168.65.1 at 2025-10-24 11:12:04 +0000
Started GET "/health" for 192.168.65.1 at 2025-10-24 11:12:04 +0000
  [1m[35mSQL (0.7ms)[0m  [1m[35mSET search_path TO public /*application='Backend'*/[0m
  [1m[35m (125.1ms)[0m  [1m[35mCREATE DATABASE "app_development" ENCODING = 'unicode' /*application='Backend'*/[0m
  [1m[35m (0.3ms)[0m  [1m[34mSELECT pg_try_advisory_lock(5277929974492897470) /*application='Backend'*/[0m
  [1m[36mActiveRecord::SchemaMigration Load (3.1ms)[0m  [1m[34mSELECT "schema_migrations"."version" FROM "schema_migrations" ORDER BY "schema_migrations"."version" ASC /*application='Backend'*/[0m
  [1m[36mActiveRecord::InternalMetadata Load (2.8ms)[0m  [1m[34mSELECT * FROM "ar_internal_metadata" WHERE "ar_internal_metadata"."key" = 'environment' ORDER BY "ar_internal_metadata"."key" ASC LIMIT 1 /*application='Backend'*/[0m
  [1m[35m (0.3ms)[0m  [1m[34mSELECT pg_advisory_unlock(5277929974492897470) /*application='Backend'*/[0m
  [1m[36mActiveRecord::SchemaMigration Load (0.4ms)[0m  [1m[34mSELECT "schema_migrations"."version" FROM "schema_migrations" ORDER BY "schema_migrations"."version" ASC /*application='Backend'*/[0m
  [1m[35mSQL (0.3ms)[0m  [1m[35mSET search_path TO public /*application='Backend'*/[0m
  [1m[35m (86.4ms)[0m  [1m[35mCREATE DATABASE "app_development" ENCODING = 'unicode' /*application='Backend'*/[0m
  [1m[35m (0.3ms)[0m  [1m[34mSELECT pg_try_advisory_lock(5277929974492897470) /*application='Backend'*/[0m
  [1m[36mActiveRecord::SchemaMigration Load (1.1ms)[0m  [1m[34mSELECT "schema_migrations"."version" FROM "schema_migrations" ORDER BY "schema_migrations"."version" ASC /*application='Backend'*/[0m
  [1m[36mActiveRecord::InternalMetadata Load (0.8ms)[0m  [1m[34mSELECT * FROM "ar_internal_metadata" WHERE "ar_internal_metadata"."key" = 'environment' ORDER BY "ar_internal_metadata"."key" ASC LIMIT 1 /*application='Backend'*/[0m
  [1m[35m (0.3ms)[0m  [1m[34mSELECT pg_advisory_unlock(5277929974492897470) /*application='Backend'*/[0m
  [1m[36mActiveRecord::SchemaMigration Load (0.4ms)[0m  [1m[34mSELECT "schema_migrations"."version" FROM "schema_migrations" ORDER BY "schema_migrations"."version" ASC /*application='Backend'*/[0m
  [1m[36mActiveRecord::SchemaMigration Load (2.0ms)[0m  [1m[34mSELECT "schema_migrations"."version" FROM "schema_migrations" ORDER BY "schema_migrations"."version" ASC /*application='Backend'*/[0m
  [1m[35m (0.6ms)[0m  [1m[34mSELECT pg_try_advisory_lock(5277929974492897470) /*application='Backend'*/[0m
  [1m[36mActiveRecord::SchemaMigration Load (1.5ms)[0m  [1m[34mSELECT "schema_migrations"."version" FROM "schema_migrations" ORDER BY "schema_migrations"."version" ASC /*application='Backend'*/[0m
  [1m[36mActiveRecord::InternalMetadata Load (2.0ms)[0m  [1m[34mSELECT * FROM "ar_internal_metadata" WHERE "ar_internal_metadata"."key" = 'environment' ORDER BY "ar_internal_metadata"."key" ASC LIMIT 1 /*application='Backend'*/[0m
Migrating to CreateCocktails (20251025084644)
  [1m[36mTRANSACTION (0.5ms)[0m  [1m[35mBEGIN /*application='Backend'*/[0m
  [1m[35m (28.4ms)[0m  [1m[35mCREATE TABLE "cocktails" ("id" bigserial primary key, "name" character varying, "base" integer DEFAULT 0 NOT NULL, "strength" integer DEFAULT 0 NOT NULL, "technique" integer DEFAULT 0 NOT NULL, "image_url" character varying, "instructions" text, "created_at" timestamp(6) NOT NULL, "updated_at" timestamp(6) NOT NULL) /*application='Backend'*/[0m
  [1m[35m (1.0ms)[0m  [1m[35mCREATE INDEX "index_cocktails_on_name" ON "cocktails" ("name") /*application='Backend'*/[0m
  [1m[36mActiveRecord::SchemaMigration Create (0.6ms)[0m  [1m[32mINSERT INTO "schema_migrations" ("version") VALUES ('20251025084644') RETURNING "version" /*application='Backend'*/[0m
  [1m[36mTRANSACTION (6.6ms)[0m  [1m[35mCOMMIT /*application='Backend'*/[0m
  [1m[35m (1.1ms)[0m  [1m[34mSELECT pg_advisory_unlock(5277929974492897470) /*application='Backend'*/[0m
  [1m[36mActiveRecord::SchemaMigration Load (0.6ms)[0m  [1m[34mSELECT "schema_migrations"."version" FROM "schema_migrations" ORDER BY "schema_migrations"."version" ASC /*application='Backend'*/[0m
Started GET "/health" for 192.168.65.1 at 2025-10-25 08:52:34 +0000
  [1m[36mActiveRecord::SchemaMigration Load (2.0ms)[0m  [1m[34mSELECT "schema_migrations"."version" FROM "schema_migrations" ORDER BY "schema_migrations"."version" ASC /*application='Backend'*/[0m
Started GET "/health" for 192.168.65.1 at 2025-10-25 08:52:34 +0000
  [1m[36mActiveRecord::SchemaMigration Load (2.5ms)[0m  [1m[34mSELECT "schema_migrations"."version" FROM "schema_migrations" ORDER BY "schema_migrations"."version" ASC /*application='Backend'*/[0m
  [1m[36mActiveRecord::SchemaMigration Load (1.4ms)[0m  [1m[34mSELECT "schema_migrations"."version" FROM "schema_migrations" ORDER BY "schema_migrations"."version" ASC /*application='Backend'*/[0m
  [1m[36mActiveRecord::SchemaMigration Load (2.0ms)[0m  [1m[34mSELECT "schema_migrations"."version" FROM "schema_migrations" ORDER BY "schema_migrations"."version" ASC /*application='Backend'*/[0m
  [1m[36mActiveRecord::SchemaMigration Load (0.8ms)[0m  [1m[34mSELECT "schema_migrations"."version" FROM "schema_migrations" ORDER BY "schema_migrations"."version" ASC /*application='Backend'*/[0m
  [1m[36mActiveRecord::SchemaMigration Load (1.3ms)[0m  [1m[34mSELECT "schema_migrations"."version" FROM "schema_migrations" ORDER BY "schema_migrations"."version" ASC /*application='Backend'*/[0m
  [1m[36mActiveRecord::SchemaMigration Load (0.9ms)[0m  [1m[34mSELECT "schema_migrations"."version" FROM "schema_migrations" ORDER BY "schema_migrations"."version" ASC /*application='Backend'*/[0m
  [1m[36mActiveRecord::SchemaMigration Load (1.2ms)[0m  [1m[34mSELECT "schema_migrations"."version" FROM "schema_migrations" ORDER BY "schema_migrations"."version" ASC /*application='Backend'*/[0m
  [1m[36mActiveRecord::SchemaMigration Load (1.1ms)[0m  [1m[34mSELECT "schema_migrations"."version" FROM "schema_migrations" ORDER BY "schema_migrations"."version" ASC /*application='Backend'*/[0m
  [1m[36mActiveRecord::SchemaMigration Load (0.9ms)[0m  [1m[34mSELECT "schema_migrations"."version" FROM "schema_migrations" ORDER BY "schema_migrations"."version" ASC /*application='Backend'*/[0m
  [1m[36mActiveRecord::SchemaMigration Load (1.3ms)[0m  [1m[34mSELECT "schema_migrations"."version" FROM "schema_migrations" ORDER BY "schema_migrations"."version" ASC /*application='Backend'*/[0m
  [1m[36mActiveRecord::SchemaMigration Load (3.5ms)[0m  [1m[34mSELECT "schema_migrations"."version" FROM "schema_migrations" ORDER BY "schema_migrations"."version" ASC /*application='Backend'*/[0m
  [1m[36mCocktail Load (3.6ms)[0m  [1m[34mSELECT "cocktails".* FROM "cocktails" /*application='Backend'*/[0m
  [1m[36mTRANSACTION (0.6ms)[0m  [1m[35mBEGIN /*application='Backend'*/[0m
  [1m[36mCocktail Create (3.7ms)[0m  [1m[32mINSERT INTO "cocktails" ("name", "base", "strength", "technique", "image_url", "instructions", "created_at", "updated_at") VALUES ('ãƒžãƒ†ã‚£ãƒ¼ãƒ‹', 0, 2, 1, 'https://images.unsplash.com/photo-1514362545857-3bc16c4c7d1b?w=800', 'ãƒŸã‚­ã‚·ãƒ³ã‚°ã‚°ãƒ©ã‚¹ã«æ°·ã‚’å…¥ã‚Œã€ã‚¸ãƒ³ã¨ãƒ™ãƒ«ãƒ¢ãƒƒãƒˆã‚’æ³¨ãŽã‚¹ãƒ†ã‚¢ã™ã‚‹ã€‚ã‚«ã‚¯ãƒ†ãƒ«ã‚°ãƒ©ã‚¹ã«æ¿¾ã—ã¦æ³¨ãŽã€ã‚ªãƒªãƒ¼ãƒ–ã‚’é£¾ã‚‹ã€‚', '2025-10-25 09:14:20.750577', '2025-10-25 09:14:20.750577') RETURNING "id" /*application='Backend'*/[0m
  [1m[36mTRANSACTION (0.7ms)[0m  [1m[35mCOMMIT /*application='Backend'*/[0m
  [1m[36mTRANSACTION (0.6ms)[0m  [1m[35mBEGIN /*application='Backend'*/[0m
  [1m[36mCocktail Create (5.2ms)[0m  [1m[32mINSERT INTO "cocktails" ("name", "base", "strength", "technique", "image_url", "instructions", "created_at", "updated_at") VALUES ('ã‚¸ãƒ³ãƒˆãƒ‹ãƒƒã‚¯', 0, 0, 0, 'https://images.unsplash.com/photo-1551538827-9c037cb4f32a?w=800', 'ã‚¿ãƒ³ãƒ–ãƒ©ãƒ¼ã«æ°·ã‚’å…¥ã‚Œã€ã‚¸ãƒ³ã‚’æ³¨ãã€‚ãƒˆãƒ‹ãƒƒã‚¯ã‚¦ã‚©ãƒ¼ã‚¿ãƒ¼ã§æº€ãŸã—ã€è»½ãã‚¹ãƒ†ã‚¢ã™ã‚‹ã€‚ãƒ©ã‚¤ãƒ ã‚’çµžã£ã¦è½ã¨ã™ã€‚', '2025-10-25 09:14:20.763769', '2025-10-25 09:14:20.763769') RETURNING "id" /*application='Backend'*/[0m
  [1m[36mTRANSACTION (0.7ms)[0m  [1m[35mCOMMIT /*application='Backend'*/[0m
  [1m[36mTRANSACTION (0.4ms)[0m  [1m[35mBEGIN /*application='Backend'*/[0m
  [1m[36mCocktail Create (5.3ms)[0m  [1m[32mINSERT INTO "cocktails" ("name", "base", "strength", "technique", "image_url", "instructions", "created_at", "updated_at") VALUES ('ãƒ¢ã‚¹ã‚³ãƒŸãƒ¥ãƒ¼ãƒ«', 3, 0, 0, 'https://images.unsplash.com/photo-1536935338788-846bb9981813?w=800', 'ã‚¿ãƒ³ãƒ–ãƒ©ãƒ¼ã«æ°·ã‚’å…¥ã‚Œã€ãƒ©ã‚¤ãƒ ã‚’çµžã‚‹ã€‚ã‚¦ã‚©ãƒƒã‚«ã‚’æ³¨ãŽã€ã‚¸ãƒ³ã‚¸ãƒ£ãƒ¼ã‚¨ãƒ¼ãƒ«ã§æº€ãŸã™ã€‚è»½ãã‚¹ãƒ†ã‚¢ã™ã‚‹ã€‚', '2025-10-25 09:14:20.793304', '2025-10-25 09:14:20.793304') RETURNING "id" /*application='Backend'*/[0m
  [1m[36mTRANSACTION (2.0ms)[0m  [1m[35mCOMMIT /*application='Backend'*/[0m
  [1m[36mTRANSACTION (0.5ms)[0m  [1m[35mBEGIN /*application='Backend'*/[0m
  [1m[36mCocktail Create (12.1ms)[0m  [1m[32mINSERT INTO "cocktails" ("name", "base", "strength", "technique", "image_url", "instructions", "created_at", "updated_at") VALUES ('ãƒžãƒ«ã‚¬ãƒªãƒ¼ã‚¿', 4, 1, 2, 'https://images.unsplash.com/photo-1582824042461-cc2c9e5c6e4d?w=800', 'ã‚°ãƒ©ã‚¹ã®ç¸ã«å¡©ã‚’ã¤ã‘ã‚‹ï¼ˆã‚¹ãƒŽãƒ¼ã‚¹ã‚¿ã‚¤ãƒ«ï¼‰ã€‚ã‚·ã‚§ã‚¤ã‚«ãƒ¼ã«æ°·ã¨ææ–™ã‚’å…¥ã‚Œã‚·ã‚§ã‚¤ã‚¯ã™ã‚‹ã€‚ã‚°ãƒ©ã‚¹ã«æ³¨ãã€‚', '2025-10-25 09:14:20.817749', '2025-10-25 09:14:20.817749') RETURNING "id" /*application='Backend'*/[0m
  [1m[36mTRANSACTION (0.6ms)[0m  [1m[35mCOMMIT /*application='Backend'*/[0m
  [1m[36mTRANSACTION (0.3ms)[0m  [1m[35mBEGIN /*application='Backend'*/[0m
  [1m[36mCocktail Create (3.8ms)[0m  [1m[32mINSERT INTO "cocktails" ("name", "base", "strength", "technique", "image_url", "instructions", "created_at", "updated_at") VALUES ('ãƒ¢ãƒ’ãƒ¼ãƒˆ', 1, 0, 0, 'https://images.unsplash.com/photo-1551538827-9c037cb4f32a?w=800', 'ã‚°ãƒ©ã‚¹ã«ãƒŸãƒ³ãƒˆã€ç ‚ç³–ã€ãƒ©ã‚¤ãƒ ã‚’å…¥ã‚Œæ½°ã™ã€‚ã‚¯ãƒ©ãƒƒã‚·ãƒ¥ãƒ‰ã‚¢ã‚¤ã‚¹ã‚’å…¥ã‚Œã€ãƒ©ãƒ ã‚’æ³¨ãã€‚ã‚½ãƒ¼ãƒ€ã§æº€ãŸã—ã€ã‚¹ãƒ†ã‚¢ã™ã‚‹ã€‚', '2025-10-25 09:14:20.835871', '2025-10-25 09:14:20.835871') RETURNING "id" /*application='Backend'*/[0m
  [1m[36mTRANSACTION (0.5ms)[0m  [1m[35mCOMMIT /*application='Backend'*/[0m
  [1m[36mTRANSACTION (0.3ms)[0m  [1m[35mBEGIN /*application='Backend'*/[0m
  [1m[36mCocktail Create (1.1ms)[0m  [1m[32mINSERT INTO "cocktails" ("name", "base", "strength", "technique", "image_url", "instructions", "created_at", "updated_at") VALUES ('ã‚¦ã‚¤ã‚¹ã‚­ãƒ¼ã‚µãƒ¯ãƒ¼', 2, 1, 2, 'https://images.unsplash.com/photo-1569529465841-dfecdab7503b?w=800', 'ã‚·ã‚§ã‚¤ã‚«ãƒ¼ã«æ°·ã¨ææ–™ã‚’å…¥ã‚Œã‚·ã‚§ã‚¤ã‚¯ã™ã‚‹ã€‚ãƒ­ãƒƒã‚¯ã‚°ãƒ©ã‚¹ã«æ³¨ãŽã€ãƒ¬ãƒ¢ãƒ³ã¨ãƒã‚§ãƒªãƒ¼ã‚’é£¾ã‚‹ã€‚', '2025-10-25 09:14:20.844151', '2025-10-25 09:14:20.844151') RETURNING "id" /*application='Backend'*/[0m
  [1m[36mTRANSACTION (0.7ms)[0m  [1m[35mCOMMIT /*application='Backend'*/[0m
  [1m[36mTRANSACTION (0.3ms)[0m  [1m[35mBEGIN /*application='Backend'*/[0m
  [1m[36mCocktail Create (1.4ms)[0m  [1m[32mINSERT INTO "cocktails" ("name", "base", "strength", "technique", "image_url", "instructions", "created_at", "updated_at") VALUES ('ãƒžãƒ³ãƒãƒƒã‚¿ãƒ³', 2, 2, 1, 'https://images.unsplash.com/photo-1470337458703-46ad1756a187?w=800', 'ãƒŸã‚­ã‚·ãƒ³ã‚°ã‚°ãƒ©ã‚¹ã«æ°·ã¨ææ–™ã‚’å…¥ã‚Œã‚¹ãƒ†ã‚¢ã™ã‚‹ã€‚ã‚«ã‚¯ãƒ†ãƒ«ã‚°ãƒ©ã‚¹ã«æ¿¾ã—ã¦æ³¨ãŽã€ãƒã‚§ãƒªãƒ¼ã‚’é£¾ã‚‹ã€‚', '2025-10-25 09:14:20.850002', '2025-10-25 09:14:20.850002') RETURNING "id" /*application='Backend'*/[0m
  [1m[36mTRANSACTION (1.0ms)[0m  [1m[35mCOMMIT /*application='Backend'*/[0m
  [1m[36mTRANSACTION (0.3ms)[0m  [1m[35mBEGIN /*application='Backend'*/[0m
  [1m[36mCocktail Create (1.1ms)[0m  [1m[32mINSERT INTO "cocktails" ("name", "base", "strength", "technique", "image_url", "instructions", "created_at", "updated_at") VALUES ('ã‚³ã‚¹ãƒ¢ãƒãƒªã‚¿ãƒ³', 3, 1, 2, 'https://images.unsplash.com/photo-1536935338788-846bb9981813?w=800', 'ã‚·ã‚§ã‚¤ã‚«ãƒ¼ã«æ°·ã¨å…¨ã¦ã®ææ–™ã‚’å…¥ã‚Œã‚·ã‚§ã‚¤ã‚¯ã™ã‚‹ã€‚ã‚«ã‚¯ãƒ†ãƒ«ã‚°ãƒ©ã‚¹ã«æ¿¾ã—ã¦æ³¨ãã€‚', '2025-10-25 09:14:20.855315', '2025-10-25 09:14:20.855315') RETURNING "id" /*application='Backend'*/[0m
  [1m[36mTRANSACTION (0.4ms)[0m  [1m[35mCOMMIT /*application='Backend'*/[0m
  [1m[36mTRANSACTION (0.2ms)[0m  [1m[35mBEGIN /*application='Backend'*/[0m
  [1m[36mCocktail Create (9.0ms)[0m  [1m[32mINSERT INTO "cocktails" ("name", "base", "strength", "technique", "image_url", "instructions", "created_at", "updated_at") VALUES ('ãƒã‚°ãƒ­ãƒ¼ãƒ‹', 0, 2, 0, 'https://images.unsplash.com/photo-1514362545857-3bc16c4c7d1b?w=800', 'ãƒ­ãƒƒã‚¯ã‚°ãƒ©ã‚¹ã«æ°·ã¨ææ–™ã‚’å…¥ã‚Œã‚¹ãƒ†ã‚¢ã™ã‚‹ã€‚ã‚ªãƒ¬ãƒ³ã‚¸ãƒ”ãƒ¼ãƒ«ã‚’çµžã£ã¦é£¾ã‚‹ã€‚', '2025-10-25 09:14:20.859188', '2025-10-25 09:14:20.859188') RETURNING "id" /*application='Backend'*/[0m
  [1m[36mTRANSACTION (0.5ms)[0m  [1m[35mCOMMIT /*application='Backend'*/[0m
  [1m[36mTRANSACTION (0.3ms)[0m  [1m[35mBEGIN /*application='Backend'*/[0m
  [1m[36mCocktail Create (2.3ms)[0m  [1m[32mINSERT INTO "cocktails" ("name", "base", "strength", "technique", "image_url", "instructions", "created_at", "updated_at") VALUES ('ãƒ€ã‚¤ã‚­ãƒª', 1, 1, 2, 'https://images.unsplash.com/photo-1587223962930-cb7f31384c19?w=800', 'ã‚·ã‚§ã‚¤ã‚«ãƒ¼ã«æ°·ã¨ææ–™ã‚’å…¥ã‚Œã‚·ã‚§ã‚¤ã‚¯ã™ã‚‹ã€‚ã‚«ã‚¯ãƒ†ãƒ«ã‚°ãƒ©ã‚¹ã«æ¿¾ã—ã¦æ³¨ãã€‚', '2025-10-25 09:14:20.869722', '2025-10-25 09:14:20.869722') RETURNING "id" /*application='Backend'*/[0m
  [1m[36mTRANSACTION (0.4ms)[0m  [1m[35mCOMMIT /*application='Backend'*/[0m
  [1m[36mTRANSACTION (0.3ms)[0m  [1m[35mBEGIN /*application='Backend'*/[0m
  [1m[36mCocktail Create (1.2ms)[0m  [1m[32mINSERT INTO "cocktails" ("name", "base", "strength", "technique", "image_url", "instructions", "created_at", "updated_at") VALUES ('ãƒ†ã‚­ãƒ¼ãƒ©ã‚µãƒ³ãƒ©ã‚¤ã‚º', 4, 0, 0, 'https://images.unsplash.com/photo-1582824042461-cc2c9e5c6e4d?w=800', 'ã‚¿ãƒ³ãƒ–ãƒ©ãƒ¼ã«æ°·ã‚’å…¥ã‚Œã€ãƒ†ã‚­ãƒ¼ãƒ©ã¨ã‚ªãƒ¬ãƒ³ã‚¸ã‚¸ãƒ¥ãƒ¼ã‚¹ã‚’æ³¨ãŽã‚¹ãƒ†ã‚¢ã™ã‚‹ã€‚ã‚°ãƒ¬ãƒŠãƒ‡ãƒ³ã‚·ãƒ­ãƒƒãƒ—ã‚’é™ã‹ã«æ³¨ãŽã€ã‚°ãƒ©ãƒ‡ãƒ¼ã‚·ãƒ§ãƒ³ã‚’ä½œã‚‹ã€‚', '2025-10-25 09:14:20.874465', '2025-10-25 09:14:20.874465') RETURNING "id" /*application='Backend'*/[0m
  [1m[36mTRANSACTION (0.4ms)[0m  [1m[35mCOMMIT /*application='Backend'*/[0m
  [1m[36mTRANSACTION (0.3ms)[0m  [1m[35mBEGIN /*application='Backend'*/[0m
  [1m[36mCocktail Create (1.0ms)[0m  [1m[32mINSERT INTO "cocktails" ("name", "base", "strength", "technique", "image_url", "instructions", "created_at", "updated_at") VALUES ('ã‚ªãƒ¼ãƒ«ãƒ‰ãƒ•ã‚¡ãƒƒã‚·ãƒ§ãƒ³ãƒ‰', 2, 2, 0, 'https://images.unsplash.com/photo-1470337458703-46ad1756a187?w=800', 'ãƒ­ãƒƒã‚¯ã‚°ãƒ©ã‚¹ã«è§’ç ‚ç³–ã¨ãƒ“ã‚¿ãƒ¼ã‚ºã‚’å…¥ã‚Œã€å°‘é‡ã®æ°´ã§æº¶ã‹ã™ã€‚æ°·ã‚’å…¥ã‚Œã‚¦ã‚¤ã‚¹ã‚­ãƒ¼ã‚’æ³¨ãŽã‚¹ãƒ†ã‚¢ã™ã‚‹ã€‚ã‚ªãƒ¬ãƒ³ã‚¸ãƒ”ãƒ¼ãƒ«ã‚’é£¾ã‚‹ã€‚', '2025-10-25 09:14:20.877578', '2025-10-25 09:14:20.877578') RETURNING "id" /*application='Backend'*/[0m
  [1m[36mTRANSACTION (0.8ms)[0m  [1m[35mCOMMIT /*application='Backend'*/[0m
  [1m[36mTRANSACTION (0.3ms)[0m  [1m[35mBEGIN /*application='Backend'*/[0m
  [1m[36mCocktail Create (0.9ms)[0m  [1m[32mINSERT INTO "cocktails" ("name", "base", "strength", "technique", "image_url", "instructions", "created_at", "updated_at") VALUES ('ãƒ¬ãƒƒãƒ‰ã‚¢ã‚¤', 5, 0, 0, 'https://images.unsplash.com/photo-1605296867304-46d5465a13f1?w=800', 'ã‚°ãƒ©ã‚¹ã«ãƒ“ãƒ¼ãƒ«ã¨ãƒˆãƒžãƒˆã‚¸ãƒ¥ãƒ¼ã‚¹ã‚’æ³¨ãŽã€è»½ãã‚¹ãƒ†ã‚¢ã™ã‚‹ã€‚', '2025-10-25 09:14:20.880191', '2025-10-25 09:14:20.880191') RETURNING "id" /*application='Backend'*/[0m
  [1m[36mTRANSACTION (0.3ms)[0m  [1m[35mCOMMIT /*application='Backend'*/[0m
  [1m[36mTRANSACTION (0.2ms)[0m  [1m[35mBEGIN /*application='Backend'*/[0m
  [1m[36mCocktail Create (5.1ms)[0m  [1m[32mINSERT INTO "cocktails" ("name", "base", "strength", "technique", "image_url", "instructions", "created_at", "updated_at") VALUES ('ãƒŸãƒ¢ã‚¶', 6, 0, 0, 'https://images.unsplash.com/photo-1562059390-a761a084768e?w=800', 'ã‚·ãƒ£ãƒ³ãƒ‘ãƒ³ã‚°ãƒ©ã‚¹ã«ã‚ªãƒ¬ãƒ³ã‚¸ã‚¸ãƒ¥ãƒ¼ã‚¹ã¨ã‚¹ãƒ‘ãƒ¼ã‚¯ãƒªãƒ³ã‚°ãƒ¯ã‚¤ãƒ³ã‚’æ³¨ãã€‚', '2025-10-25 09:14:20.882396', '2025-10-25 09:14:20.882396') RETURNING "id" /*application='Backend'*/[0m
  [1m[36mTRANSACTION (0.4ms)[0m  [1m[35mCOMMIT /*application='Backend'*/[0m
  [1m[36mCocktail Count (1.7ms)[0m  [1m[34mSELECT COUNT(*) FROM "cocktails" /*application='Backend'*/[0m
  [1m[36mActiveRecord::InternalMetadata Load (1.0ms)[0m  [1m[34mSELECT * FROM "ar_internal_metadata" WHERE "ar_internal_metadata"."key" = 'schema_sha1' ORDER BY "ar_internal_metadata"."key" ASC LIMIT 1 /*application='Backend'*/[0m
  [1m[36mActiveRecord::SchemaMigration Load (1.1ms)[0m  [1m[34mSELECT "schema_migrations"."version" FROM "schema_migrations" ORDER BY "schema_migrations"."version" ASC /*application='Backend'*/[0m
  [1m[36mActiveRecord::InternalMetadata Load (1.3ms)[0m  [1m[34mSELECT * FROM "ar_internal_metadata" WHERE "ar_internal_metadata"."key" = 'environment' ORDER BY "ar_internal_metadata"."key" ASC LIMIT 1 /*application='Backend'*/[0m
  [1m[36mActiveRecord::SchemaMigration Load (0.3ms)[0m  [1m[34mSELECT "schema_migrations"."version" FROM "schema_migrations" ORDER BY "schema_migrations"."version" ASC /*application='Backend'*/[0m
  [1m[36mActiveRecord::InternalMetadata Load (0.4ms)[0m  [1m[34mSELECT * FROM "ar_internal_metadata" WHERE "ar_internal_metadata"."key" = 'environment' ORDER BY "ar_internal_metadata"."key" ASC LIMIT 1 /*application='Backend'*/[0m
  [1m[36mActiveRecord::SchemaMigration Load (0.7ms)[0m  [1m[34mSELECT "schema_migrations"."version" FROM "schema_migrations" ORDER BY "schema_migrations"."version" ASC /*application='Backend'*/[0m
  [1m[36mActiveRecord::InternalMetadata Load (0.4ms)[0m  [1m[34mSELECT * FROM "ar_internal_metadata" WHERE "ar_internal_metadata"."key" = 'environment' ORDER BY "ar_internal_metadata"."key" ASC LIMIT 1 /*application='Backend'*/[0m
  [1m[35mSQL (4.7ms)[0m  [1m[35mSET search_path TO public /*application='Backend'*/[0m
  [1m[35m (200.6ms)[0m  [1m[35mDROP DATABASE IF EXISTS "app_test" /*application='Backend'*/[0m
  [1m[35m (444.1ms)[0m  [1m[35mCREATE DATABASE "app_test" ENCODING = 'unicode' /*application='Backend'*/[0m
  [1m[35mSQL (44.0ms)[0m  [1m[35mCREATE EXTENSION IF NOT EXISTS "plpgsql" SCHEMA pg_catalog /*application='Backend'*/[0m
  [1m[35m (1.4ms)[0m  [1m[35mDROP TABLE IF EXISTS "cocktails" CASCADE /*application='Backend'*/[0m
  [1m[35m (11.5ms)[0m  [1m[35mCREATE TABLE "cocktails" ("id" bigserial primary key, "name" character varying, "base" integer DEFAULT 0 NOT NULL, "strength" integer DEFAULT 0 NOT NULL, "technique" integer DEFAULT 0 NOT NULL, "image_url" character varying, "instructions" text, "created_at" timestamp(6) NOT NULL, "updated_at" timestamp(6) NOT NULL) /*application='Backend'*/[0m
  [1m[35m (4.5ms)[0m  [1m[35mCREATE INDEX "index_cocktails_on_name" ON "cocktails" ("name") /*application='Backend'*/[0m
  [1m[35m (0.4ms)[0m  [1m[35mDROP TABLE IF EXISTS "users" CASCADE /*application='Backend'*/[0m
  [1m[35m (2.6ms)[0m  [1m[35mCREATE TABLE "users" ("id" bigserial primary key, "email" character varying DEFAULT '' NOT NULL, "encrypted_password" character varying DEFAULT '' NOT NULL, "reset_password_token" character varying, "reset_password_sent_at" timestamp(6), "remember_created_at" timestamp(6), "created_at" timestamp(6) NOT NULL, "updated_at" timestamp(6) NOT NULL) /*application='Backend'*/[0m
  [1m[35m (1.3ms)[0m  [1m[35mCREATE UNIQUE INDEX "index_users_on_email" ON "users" ("email") /*application='Backend'*/[0m
  [1m[35m (1.8ms)[0m  [1m[35mCREATE UNIQUE INDEX "index_users_on_reset_password_token" ON "users" ("reset_password_token") /*application='Backend'*/[0m
  [1m[35m (2.4ms)[0m  [1m[35mCREATE TABLE "schema_migrations" ("version" character varying NOT NULL PRIMARY KEY) /*application='Backend'*/[0m
  [1m[36mActiveRecord::SchemaMigration Load (1.2ms)[0m  [1m[34mSELECT "schema_migrations"."version" FROM "schema_migrations" ORDER BY "schema_migrations"."version" ASC /*application='Backend'*/[0m
  [1m[35m (1.1ms)[0m  [1m[32mINSERT INTO "schema_migrations" (version) VALUES (20251025084644) /*application='Backend'*/[0m
  [1m[35m (0.6ms)[0m  [1m[32mINSERT INTO "schema_migrations" (version) VALUES
(20251023214635); /*application='Backend'*/[0m
  [1m[35m (2.8ms)[0m  [1m[35mCREATE TABLE "ar_internal_metadata" ("key" character varying NOT NULL PRIMARY KEY, "value" character varying, "created_at" timestamp(6) NOT NULL, "updated_at" timestamp(6) NOT NULL) /*application='Backend'*/[0m
  [1m[36mActiveRecord::InternalMetadata Load (1.0ms)[0m  [1m[34mSELECT * FROM "ar_internal_metadata" WHERE "ar_internal_metadata"."key" = 'environment' ORDER BY "ar_internal_metadata"."key" ASC LIMIT 1 /*application='Backend'*/[0m
  [1m[36mActiveRecord::InternalMetadata Create (1.0ms)[0m  [1m[32mINSERT INTO "ar_internal_metadata" ("key", "value", "created_at", "updated_at") VALUES ('environment', 'development', '2025-10-25 09:14:35.560654', '2025-10-25 09:14:35.560657') RETURNING "key" /*application='Backend'*/[0m
  [1m[36mActiveRecord::InternalMetadata Load (0.3ms)[0m  [1m[34mSELECT * FROM "ar_internal_metadata" WHERE "ar_internal_metadata"."key" = 'environment' ORDER BY "ar_internal_metadata"."key" ASC LIMIT 1 /*application='Backend'*/[0m
  [1m[36mActiveRecord::InternalMetadata Update (0.7ms)[0m  [1m[33mUPDATE "ar_internal_metadata" SET "value" = 'test', "updated_at" = '2025-10-25 09:14:35.566715' WHERE "ar_internal_metadata"."key" = 'environment' /*application='Backend'*/[0m
  [1m[36mActiveRecord::InternalMetadata Load (0.3ms)[0m  [1m[34mSELECT * FROM "ar_internal_metadata" WHERE "ar_internal_metadata"."key" = 'schema_sha1' ORDER BY "ar_internal_metadata"."key" ASC LIMIT 1 /*application='Backend'*/[0m
  [1m[36mActiveRecord::InternalMetadata Create (0.9ms)[0m  [1m[32mINSERT INTO "ar_internal_metadata" ("key", "value", "created_at", "updated_at") VALUES ('schema_sha1', 'f415c657a73b4c41f53b407ac39a8e232e9df53d', '2025-10-25 09:14:35.569792', '2025-10-25 09:14:35.569794') RETURNING "key" /*application='Backend'*/[0m
  [1m[36mActiveRecord::SchemaMigration Load (0.6ms)[0m  [1m[34mSELECT "schema_migrations"."version" FROM "schema_migrations" ORDER BY "schema_migrations"."version" ASC /*application='Backend'*/[0m
  [1m[36mTRANSACTION (0.3ms)[0m  [1m[35mBEGIN /*application='Backend'*/[0m
[ActionDispatch::HostAuthorization::DefaultResponseApp] Blocked hosts: www.example.com
  [1m[36mTRANSACTION (2.0ms)[0m  [1m[31mROLLBACK /*application='Backend'*/[0m
Started GET "/api/v1/cocktails" for 192.168.65.1 at 2025-10-25 09:22:42 +0000
  [1m[36mActiveRecord::SchemaMigration Load (1.6ms)[0m  [1m[34mSELECT "schema_migrations"."version" FROM "schema_migrations" ORDER BY "schema_migrations"."version" ASC /*application='Backend'*/[0m
Processing by Api::V1::CocktailsController#index as */*
  [1m[36mCocktail Load (59.0ms)[0m  [1m[34mSELECT "cocktails".* FROM "cocktails" /*action='index',application='Backend',controller='cocktails'*/[0m
  â†³ app/controllers/api/v1/cocktails_controller.rb:4:in `index'
Completed 200 OK in 149ms (Views: 55.6ms | ActiveRecord: 74.9ms (1 query, 0 cached) | GC: 60.2ms)


Started GET "/api/v1/cocktails" for 192.168.65.1 at 2025-10-25 09:26:07 +0000
Started GET "/health" for 192.168.65.1 at 2025-10-25 09:26:07 +0000
Processing by Api::V1::CocktailsController#index as */*
  Parameters: {"cocktail"=>{}}
  [1m[36mCocktail Load (6.2ms)[0m  [1m[34mSELECT "cocktails".* FROM "cocktails" /*action='index',application='Backend',controller='cocktails'*/[0m
  â†³ app/controllers/api/v1/cocktails_controller.rb:4:in `index'
Completed 200 OK in 29ms (Views: 21.4ms | ActiveRecord: 6.3ms (1 query, 0 cached) | GC: 0.0ms)


Started GET "/health" for 192.168.65.1 at 2025-10-25 09:27:06 +0000
Started GET "/health" for 192.168.65.1 at 2025-10-25 09:28:09 +0000
Started GET "/api/v1/cocktails" for 192.168.65.1 at 2025-10-25 09:28:09 +0000
Processing by Api::V1::CocktailsController#index as */*
  Parameters: {"cocktail"=>{}}
  [1m[36mCocktail Load (5.2ms)[0m  [1m[34mSELECT "cocktails".* FROM "cocktails" /*action='index',application='Backend',controller='cocktails'*/[0m
  â†³ app/controllers/api/v1/cocktails_controller.rb:4:in `index'
Completed 200 OK in 28ms (Views: 20.9ms | ActiveRecord: 5.4ms (1 query, 0 cached) | GC: 0.0ms)


Started GET "/api/v1/cocktails" for 192.168.65.1 at 2025-10-25 09:28:17 +0000
Started GET "/health" for 192.168.65.1 at 2025-10-25 09:28:17 +0000
Processing by Api::V1::CocktailsController#index as */*
  Parameters: {"cocktail"=>{}}
Started GET "/health" for 192.168.65.1 at 2025-10-25 09:28:18 +0000
  [1m[36mCocktail Load (10.1ms)[0m  [1m[34mSELECT "cocktails".* FROM "cocktails" /*action='index',application='Backend',controller='cocktails'*/[0m
  â†³ app/controllers/api/v1/cocktails_controller.rb:4:in `index'
Completed 200 OK in 32ms (Views: 15.4ms | ActiveRecord: 9.5ms (1 query, 0 cached) | GC: 1.7ms)


Started GET "/api/v1/cocktails" for 192.168.65.1 at 2025-10-25 09:28:18 +0000
Processing by Api::V1::CocktailsController#index as */*
  Parameters: {"cocktail"=>{}}
  [1m[36mCocktail Load (1.1ms)[0m  [1m[34mSELECT "cocktails".* FROM "cocktails" /*action='index',application='Backend',controller='cocktails'*/[0m
  â†³ app/controllers/api/v1/cocktails_controller.rb:4:in `index'
Completed 200 OK in 6ms (Views: 4.0ms | ActiveRecord: 1.1ms (1 query, 0 cached) | GC: 0.0ms)


Started GET "/api/v1/cocktails" for 192.168.65.1 at 2025-10-25 09:28:45 +0000
Started GET "/health" for 192.168.65.1 at 2025-10-25 09:28:45 +0000
Processing by Api::V1::CocktailsController#index as */*
  Parameters: {"cocktail"=>{}}
Started GET "/health" for 192.168.65.1 at 2025-10-25 09:28:45 +0000
  [1m[36mCocktail Load (3.7ms)[0m  [1m[34mSELECT "cocktails".* FROM "cocktails" /*action='index',application='Backend',controller='cocktails'*/[0m
  â†³ app/controllers/api/v1/cocktails_controller.rb:4:in `index'
Completed 200 OK in 19ms (Views: 14.1ms | ActiveRecord: 3.7ms (1 query, 0 cached) | GC: 0.0ms)


Started GET "/api/v1/cocktails" for 192.168.65.1 at 2025-10-25 09:28:45 +0000
Processing by Api::V1::CocktailsController#index as */*
  Parameters: {"cocktail"=>{}}
  [1m[36mCocktail Load (2.4ms)[0m  [1m[34mSELECT "cocktails".* FROM "cocktails" /*action='index',application='Backend',controller='cocktails'*/[0m
  â†³ app/controllers/api/v1/cocktails_controller.rb:4:in `index'
Completed 200 OK in 14ms (Views: 13.2ms | ActiveRecord: 0.9ms (1 query, 0 cached) | GC: 0.0ms)


